<?xml version="1.0" encoding="UTF-8"?>
<testng-results ignored="0" total="1" passed="1" failed="0" skipped="0">
  <reporter-output>
  </reporter-output>
  <suite started-at="2024-03-19T16:11:37 IST" name="Default suite" finished-at="2024-03-19T16:11:37 IST" duration-ms="314">
    <groups>
      <group name="cucumber">
        <method signature="AbstractTestNGCucumberTests.runScenario(io.cucumber.testng.PickleWrapper,io.cucumber.testng.FeatureWrapper)[pri:0, instance:com.bddData.CucumberOpt.TestRunner@7ef82753]" name="runScenario" class="io.cucumber.testng.AbstractTestNGCucumberTests"/>
      </group> <!-- cucumber -->
    </groups>
    <test started-at="2024-03-19T16:11:37 IST" name="Default test" finished-at="2024-03-19T16:11:37 IST" duration-ms="314">
      <class name="com.bddData.CucumberOpt.TestRunner">
        <test-method is-config="true" signature="setUpClass(org.testng.ITestContext)[pri:0, instance:com.bddData.CucumberOpt.TestRunner@7ef82753]" started-at="2024-03-19T16:11:37 IST" name="setUpClass" finished-at="2024-03-19T16:11:37 IST" duration-ms="182" status="PASS">
          <params>
            <param index="0">
              <value>
                <![CDATA[org.testng.TestRunner@2cb3d0f7]]>
              </value>
            </param>
          </params>
          <reporter-output>
          </reporter-output>
        </test-method> <!-- setUpClass -->
        <test-method signature="runScenario(io.cucumber.testng.PickleWrapper,io.cucumber.testng.FeatureWrapper)[pri:0, instance:com.bddData.CucumberOpt.TestRunner@7ef82753]" started-at="2024-03-19T16:11:37 IST" name="runScenario" description="Runs Cucumber Scenarios" data-provider="scenarios" finished-at="2024-03-19T16:11:37 IST" duration-ms="95" status="PASS">
          <params>
            <param index="0">
              <value>
                <![CDATA["Convert table to user defined"]]>
              </value>
            </param>
            <param index="1">
              <value>
                <![CDATA["I want to read excel"]]>
              </value>
            </param>
          </params>
          <reporter-output>
          </reporter-output>
        </test-method> <!-- runScenario -->
        <test-method is-config="true" signature="tearDownClass()[pri:0, instance:com.bddData.CucumberOpt.TestRunner@7ef82753]" started-at="2024-03-19T16:11:37 IST" name="tearDownClass" finished-at="2024-03-19T16:11:37 IST" duration-ms="2" status="PASS">
          <reporter-output>
          </reporter-output>
        </test-method> <!-- tearDownClass -->
      </class> <!-- com.bddData.CucumberOpt.TestRunner -->
    </test> <!-- Default test -->
  </suite> <!-- Default suite -->
</testng-results>
