<?xml version="1.0" encoding="UTF-8"?>
<!-- Generated by org.testng.reporters.JUnitXMLReporter -->
<testsuite ignored="0" hostname="LTIN377195" failures="2" tests="4" name="Default test" time="1.592" errors="0" timestamp="2024-03-20T15:57:51 IST">
  <testcase classname="io.cucumber.testng.AbstractTestNGCucumberTests" name="runScenario" time="0.889"/>
  <testcase classname="io.cucumber.testng.AbstractTestNGCucumberTests" name="runScenario" time="0.139"/>
  <testcase classname="io.cucumber.testng.AbstractTestNGCucumberTests" name="runScenario" time="0.174">
    <failure type="java.lang.IndexOutOfBoundsException" message="Index: 3">
      <![CDATA[java.lang.IndexOutOfBoundsException: Index: 3
at java.base/java.util.Collections$EmptyList.get(Collections.java:4807)
at com.bddData.BDDExcel.stepDefinitions.StepDefinitions.excel_filename_and_location_is_given_as(StepDefinitions.java:41)
at ✽.Excel filename and Location is given as(file:///C:/Users/2172261/git/BDDExcelMar2024/BDDExcel/src/test/resources/com/bddData/BDDExcel/dataTable.feature:18)
]]>
    </failure>
  </testcase> <!-- runScenario -->
  <testcase classname="io.cucumber.testng.AbstractTestNGCucumberTests" name="runScenario" time="0.149">
    <failure type="java.lang.IndexOutOfBoundsException" message="Index: 3">
      <![CDATA[java.lang.IndexOutOfBoundsException: Index: 3
at java.base/java.util.Collections$EmptyList.get(Collections.java:4807)
at com.bddData.BDDExcel.stepDefinitions.StepDefinitions.excel_filename_and_location_is_given_as(StepDefinitions.java:41)
at ✽.Excel filename and Location is given as(file:///C:/Users/2172261/git/BDDExcelMar2024/BDDExcel/src/test/resources/com/bddData/BDDExcel/dataTable.feature:24)
]]>
    </failure>
  </testcase> <!-- runScenario -->
</testsuite> <!-- Default test -->
